2017-04-05 15:18:12 INFO  Student:16 - Initialization of s1 and s2 complete
2017-04-05 15:18:12 WARN  Student:22 - Warn Message! Ingrid
2017-04-05 15:18:12 INFO  Student:16 - Initialization of s1 and s2 complete
2017-04-05 15:18:12 ERROR Student:32 - This is an error message!
java.lang.ArithmeticException: / by zero
	at StudentTest.testSetId(StudentTest.java:30)
	at sun.reflect.NativeMethodAccessorImpl.invoke0(Native Method)
	at sun.reflect.NativeMethodAccessorImpl.invoke(NativeMethodAccessorImpl.java:62)
	at sun.reflect.DelegatingMethodAccessorImpl.invoke(DelegatingMethodAccessorImpl.java:43)
	at java.lang.reflect.Method.invoke(Method.java:498)
	at org.junit.runners.model.FrameworkMethod$1.runReflectiveCall(FrameworkMethod.java:50)
	at org.junit.internal.runners.model.ReflectiveCallable.run(ReflectiveCallable.java:12)
	at org.junit.runners.model.FrameworkMethod.invokeExplosively(FrameworkMethod.java:47)
	at org.junit.internal.runners.statements.InvokeMethod.evaluate(InvokeMethod.java:17)
	at org.junit.internal.runners.statements.RunBefores.evaluate(RunBefores.java:26)
	at org.junit.internal.runners.statements.RunAfters.evaluate(RunAfters.java:27)
	at student.testingsupport.junit4.RunTestMethodWrapper.evaluate(RunTestMethodWrapper.java:74)
	at org.junit.internal.runners.statements.FailOnTimeout$CallableStatement.call(FailOnTimeout.java:298)
	at org.junit.internal.runners.statements.FailOnTimeout$CallableStatement.call(FailOnTimeout.java:292)
	at java.util.concurrent.FutureTask.run(FutureTask.java:266)
	at java.lang.Thread.run(Thread.java:745)
2017-04-05 15:18:12 INFO  Student:16 - Initialization of s1 and s2 complete
2017-04-05 15:18:12 FATAL Student:40 - This is a fatal message!
